<?xml version="1.0" encoding="windows-1250" standalone="no"?>
<!DOCTYPE log SYSTEM "logger.dtd">
<log>
<record>
  <date>2019-03-31T13:57:23</date>
  <millis>1554033443798</millis>
  <sequence>0</sequence>
  <logger>uldmasterdataloader.ldr.UldMasterDataLdr</logger>
  <level>INFO</level>
  <class>uldmasterdataloader.ldr.UldMasterDataLdr</class>
  <method>main</method>
  <thread>1</thread>
  <message>Initialize DB...</message>
</record>
<record>
  <date>2019-03-31T13:57:23</date>
  <millis>1554033443925</millis>
  <sequence>1</sequence>
  <logger>uldmasterdataloader.util.Parameters</logger>
  <level>INFO</level>
  <class>uldmasterdataloader.util.Parameters</class>
  <method>getConfigFolder</method>
  <thread>1</thread>
  <message>Parameter config folder is [C:\Users\Tom\Entwicklung\Java\Test\Tests\UldMasterDataService\UldMasterDataService-ldr]</message>
</record>
<record>
  <date>2019-03-31T13:57:23</date>
  <millis>1554033443945</millis>
  <sequence>2</sequence>
  <logger>uldmasterdataloader.util.Parameters</logger>
  <level>INFO</level>
  <class>uldmasterdataloader.util.Parameters</class>
  <method>getParameters</method>
  <thread>1</thread>
  <message>Parameters loaded from [UldMasterDataServiceLdr.properties]</message>
</record>
<record>
  <date>2019-03-31T13:57:24</date>
  <millis>1554033444088</millis>
  <sequence>3</sequence>
  <logger>uldmasterdataloader.util.DbUtil</logger>
  <level>INFO</level>
  <class>uldmasterdataloader.util.DbUtil</class>
  <method>loadDbDriver</method>
  <thread>1</thread>
  <message>Datenbank Treiber geladen</message>
</record>
<record>
  <date>2019-03-31T13:57:24</date>
  <millis>1554033444270</millis>
  <sequence>4</sequence>
  <logger>uldmasterdataloader.util.DbUtil</logger>
  <level>INFO</level>
  <class>uldmasterdataloader.util.DbUtil</class>
  <method>connectToDb</method>
  <thread>1</thread>
  <message>Datenbank angebunden</message>
</record>
<record>
  <date>2019-03-31T13:57:24</date>
  <millis>1554033444271</millis>
  <sequence>5</sequence>
  <logger>uldmasterdataloader.ldr.UldshapeLoader</logger>
  <level>INFO</level>
  <class>uldmasterdataloader.ldr.UldshapeLoader</class>
  <method>init</method>
  <thread>1</thread>
  <message>Initialize basic Uldshapes in DB from file [.\db\load_shape.dat]</message>
</record>
<record>
  <date>2019-03-31T13:57:24</date>
  <millis>1554033444697</millis>
  <sequence>6</sequence>
  <logger>uldmasterdataloader.ldr.UldshapeLoader</logger>
  <level>SEVERE</level>
  <class>uldmasterdataloader.ldr.UldshapeLoader</class>
  <method>init</method>
  <thread>1</thread>
  <message>An SQL error occured. The error message is: Die Anweisung wurde abgebrochen, weil sie in einer für 'ULDSHAPE' definierten Vorgabe für einen eindeutigen oder Primärschlüssel-Constraint bzw. für einen von 'SQL190329082723060' identifizierten und eindeutigen Index zu einem duplizierten Schlüsselwert geführt hätte.</message>
</record>
<record>
  <date>2019-03-31T13:57:24</date>
  <millis>1554033444722</millis>
  <sequence>7</sequence>
  <logger>uldmasterdataloader.util.Parameters</logger>
  <level>INFO</level>
  <class>uldmasterdataloader.util.Parameters</class>
  <method>getConfigFolder</method>
  <thread>1</thread>
  <message>Parameter config folder is [C:\Users\Tom\Entwicklung\Java\Test\Tests\UldMasterDataService\UldMasterDataService-ldr]</message>
</record>
<record>
  <date>2019-03-31T13:57:24</date>
  <millis>1554033444725</millis>
  <sequence>8</sequence>
  <logger>uldmasterdataloader.util.Parameters</logger>
  <level>INFO</level>
  <class>uldmasterdataloader.util.Parameters</class>
  <method>getParameters</method>
  <thread>1</thread>
  <message>Parameters loaded from [UldMasterDataServiceLdr.properties]</message>
</record>
<record>
  <date>2019-03-31T13:57:24</date>
  <millis>1554033444728</millis>
  <sequence>9</sequence>
  <logger>uldmasterdataloader.util.DbUtil</logger>
  <level>INFO</level>
  <class>uldmasterdataloader.util.DbUtil</class>
  <method>loadDbDriver</method>
  <thread>1</thread>
  <message>Datenbank Treiber geladen</message>
</record>
<record>
  <date>2019-03-31T13:57:24</date>
  <millis>1554033444737</millis>
  <sequence>10</sequence>
  <logger>uldmasterdataloader.util.DbUtil</logger>
  <level>INFO</level>
  <class>uldmasterdataloader.util.DbUtil</class>
  <method>connectToDb</method>
  <thread>1</thread>
  <message>Datenbank angebunden</message>
</record>
<record>
  <date>2019-03-31T13:57:24</date>
  <millis>1554033444739</millis>
  <sequence>11</sequence>
  <logger>uldmasterdataloader.ldr.UldtypeLoader</logger>
  <level>INFO</level>
  <class>uldmasterdataloader.ldr.UldtypeLoader</class>
  <method>init</method>
  <thread>1</thread>
  <message>Initialize basic Uldtypes in DB from file [.\db\load_cart.dat]</message>
</record>
</log>
<?xml version="1.0" encoding="windows-1250" standalone="no"?>
<!DOCTYPE log SYSTEM "logger.dtd">
<log>
<record>
  <date>2019-03-31T13:59:14</date>
  <millis>1554033554245</millis>
  <sequence>0</sequence>
  <logger>uldmasterdataloader.ldr.UldMasterDataLdr</logger>
  <level>INFO</level>
  <class>uldmasterdataloader.ldr.UldMasterDataLdr</class>
  <method>main</method>
  <thread>1</thread>
  <message>Initialize DB...</message>
</record>
<record>
  <date>2019-03-31T13:59:14</date>
  <millis>1554033554290</millis>
  <sequence>1</sequence>
  <logger>uldmasterdataloader.util.Parameters</logger>
  <level>INFO</level>
  <class>uldmasterdataloader.util.Parameters</class>
  <method>getConfigFolder</method>
  <thread>1</thread>
  <message>Parameter config folder is [C:\Users\Tom\Entwicklung\Java\Test\Tests\UldMasterDataService\UldMasterDataService-ldr]</message>
</record>
<record>
  <date>2019-03-31T13:59:14</date>
  <millis>1554033554292</millis>
  <sequence>2</sequence>
  <logger>uldmasterdataloader.util.Parameters</logger>
  <level>INFO</level>
  <class>uldmasterdataloader.util.Parameters</class>
  <method>getParameters</method>
  <thread>1</thread>
  <message>Parameters loaded from [UldMasterDataServiceLdr.properties]</message>
</record>
<record>
  <date>2019-03-31T13:59:14</date>
  <millis>1554033554403</millis>
  <sequence>3</sequence>
  <logger>uldmasterdataloader.util.DbUtil</logger>
  <level>INFO</level>
  <class>uldmasterdataloader.util.DbUtil</class>
  <method>loadDbDriver</method>
  <thread>1</thread>
  <message>Datenbank Treiber geladen</message>
</record>
<record>
  <date>2019-03-31T13:59:14</date>
  <millis>1554033554584</millis>
  <sequence>4</sequence>
  <logger>uldmasterdataloader.util.DbUtil</logger>
  <level>INFO</level>
  <class>uldmasterdataloader.util.DbUtil</class>
  <method>connectToDb</method>
  <thread>1</thread>
  <message>Datenbank angebunden</message>
</record>
<record>
  <date>2019-03-31T13:59:14</date>
  <millis>1554033554585</millis>
  <sequence>5</sequence>
  <logger>uldmasterdataloader.ldr.UldshapeLoader</logger>
  <level>INFO</level>
  <class>uldmasterdataloader.ldr.UldshapeLoader</class>
  <method>init</method>
  <thread>1</thread>
  <message>Initialize basic Uldshapes in DB from file [.\db\load_shape.dat]</message>
</record>
<record>
  <date>2019-03-31T13:59:14</date>
  <millis>1554033554728</millis>
  <sequence>6</sequence>
  <logger>uldmasterdataloader.ldr.UldshapeLoader</logger>
  <level>SEVERE</level>
  <class>uldmasterdataloader.ldr.UldshapeLoader</class>
  <method>init</method>
  <thread>1</thread>
  <message>An SQL error occured. The error message is: Die Anweisung wurde abgebrochen, weil sie in einer für 'ULDSHAPE' definierten Vorgabe für einen eindeutigen oder Primärschlüssel-Constraint bzw. für einen von 'SQL190329082723060' identifizierten und eindeutigen Index zu einem duplizierten Schlüsselwert geführt hätte.</message>
</record>
<record>
  <date>2019-03-31T13:59:14</date>
  <millis>1554033554733</millis>
  <sequence>7</sequence>
  <logger>uldmasterdataloader.util.Parameters</logger>
  <level>INFO</level>
  <class>uldmasterdataloader.util.Parameters</class>
  <method>getConfigFolder</method>
  <thread>1</thread>
  <message>Parameter config folder is [C:\Users\Tom\Entwicklung\Java\Test\Tests\UldMasterDataService\UldMasterDataService-ldr]</message>
</record>
<record>
  <date>2019-03-31T13:59:14</date>
  <millis>1554033554735</millis>
  <sequence>8</sequence>
  <logger>uldmasterdataloader.util.Parameters</logger>
  <level>INFO</level>
  <class>uldmasterdataloader.util.Parameters</class>
  <method>getParameters</method>
  <thread>1</thread>
  <message>Parameters loaded from [UldMasterDataServiceLdr.properties]</message>
</record>
<record>
  <date>2019-03-31T13:59:14</date>
  <millis>1554033554737</millis>
  <sequence>9</sequence>
  <logger>uldmasterdataloader.util.DbUtil</logger>
  <level>INFO</level>
  <class>uldmasterdataloader.util.DbUtil</class>
  <method>loadDbDriver</method>
  <thread>1</thread>
  <message>Datenbank Treiber geladen</message>
</record>
<record>
  <date>2019-03-31T13:59:14</date>
  <millis>1554033554745</millis>
  <sequence>10</sequence>
  <logger>uldmasterdataloader.util.DbUtil</logger>
  <level>INFO</level>
  <class>uldmasterdataloader.util.DbUtil</class>
  <method>connectToDb</method>
  <thread>1</thread>
  <message>Datenbank angebunden</message>
</record>
<record>
  <date>2019-03-31T13:59:14</date>
  <millis>1554033554747</millis>
  <sequence>11</sequence>
  <logger>uldmasterdataloader.ldr.UldtypeLoader</logger>
  <level>INFO</level>
  <class>uldmasterdataloader.ldr.UldtypeLoader</class>
  <method>init</method>
  <thread>1</thread>
  <message>Initialize basic Uldtypes in DB from file [.\db\load_cart.dat]</message>
</record>
<record>
  <date>2019-03-31T13:59:15</date>
  <millis>1554033555268</millis>
  <sequence>12</sequence>
  <logger>uldmasterdataloader.ldr.UldtypeLoader</logger>
  <level>INFO</level>
  <class>uldmasterdataloader.ldr.UldtypeLoader</class>
  <method>init</method>
  <thread>1</thread>
  <message>Finished: [167] ULDTYPES loaded</message>
</record>
<record>
  <date>2019-03-31T13:59:15</date>
  <millis>1554033555270</millis>
  <sequence>13</sequence>
  <logger>uldmasterdataloader.ldr.UldMasterDataLdr</logger>
  <level>INFO</level>
  <class>uldmasterdataloader.ldr.UldMasterDataLdr</class>
  <method>main</method>
  <thread>1</thread>
  <message>Finished</message>
</record>
</log>
